Using pre-set license
Built from '2021.1/staging' branch; Version is '2021.1.13f1 (a03098edbbe0) revision 10498200'; Using compiler version '192528614'; Build Type 'Release'
OS: 'Windows 10 Pro; OS build 19044.1415; Version 2009; 64bit' Language: 'en' Physical Memory: 16296 MB
BatchMode: 1, IsHumanControllingUs: 0, StartBugReporterOnCrash: 0, Is64bit: 1, IsPro: 0

 COMMAND LINE ARGUMENTS:
D:\Unity\2021.1.13f1\Editor\Unity.exe
-adb2
-batchMode
-noUpm
-name
AssetImportWorker0
-projectPath
X:/Unity/Projects/SkrillStorm
-logFile
Logs/AssetImportWorker0.log
-srvPort
59872
Successfully changed project path to: X:/Unity/Projects/SkrillStorm
X:/Unity/Projects/SkrillStorm
Using Asset Import Pipeline V2.
Refreshing native plugins compatible for Editor in 93.89 ms, found 3 plugins.
Preloading 0 native plugins for Editor in 0.00 ms.
Initialize engine version: 2021.1.13f1 (a03098edbbe0)
[Subsystems] Discovering subsystems at path D:/Unity/2021.1.13f1/Editor/Data/Resources/UnitySubsystems
[Subsystems] Discovering subsystems at path X:/Unity/Projects/SkrillStorm/Assets
GfxDevice: creating device client; threaded=0; jobified=0
Direct3D:
    Version:  Direct3D 11.0 [level 11.1]
    Renderer: NVIDIA GeForce GTX 1060 3GB (ID=0x1c02)
    Vendor:   NVIDIA
    VRAM:     2988 MB
    Driver:   30.0.15.1123
Initialize mono
Mono path[0] = 'D:/Unity/2021.1.13f1/Editor/Data/Managed'
Mono path[1] = 'D:/Unity/2021.1.13f1/Editor/Data/MonoBleedingEdge/lib/mono/unityjit'
Mono config path = 'D:/Unity/2021.1.13f1/Editor/Data/MonoBleedingEdge/etc'
Using monoOptions --debugger-agent=transport=dt_socket,embedding=1,server=y,suspend=n,address=127.0.0.1:56612
Begin MonoManager ReloadAssembly
Registering precompiled unity dll's ...
Register platform support module: D:/Unity/2021.1.13f1/Editor/Data/PlaybackEngines/WebGLSupport/UnityEditor.WebGL.Extensions.dll
Register platform support module: D:/Unity/2021.1.13f1/Editor/Data/PlaybackEngines/WindowsStandaloneSupport/UnityEditor.WindowsStandalone.Extensions.dll
Registered in 0.002586 seconds.
Native extension for WindowsStandalone target not found
Native extension for WebGL target not found
Refreshing native plugins compatible for Editor in 94.77 ms, found 3 plugins.
Preloading 0 native plugins for Editor in 0.00 ms.
Mono: successfully reloaded assembly
- Completed reload, in  4.215 seconds
Domain Reload Profiling:
	ReloadAssembly (4216ms)
		BeginReloadAssembly (121ms)
			ExecutionOrderSort (0ms)
			DisableScriptedObjects (0ms)
			BackupInstance (0ms)
			ReleaseScriptingObjects (0ms)
			CreateAndSetChildDomain (1ms)
		EndReloadAssembly (617ms)
			LoadAssemblies (122ms)
			RebuildTransferFunctionScriptingTraits (0ms)
			SetupTypeCache (235ms)
			ReleaseScriptCaches (0ms)
			RebuildScriptCaches (39ms)
			SetupLoadedEditorAssemblies (279ms)
				LogAssemblyErrors (0ms)
				InitializePlatformSupportModulesInManaged (8ms)
				SetLoadedEditorAssemblies (0ms)
				RefreshPlugins (95ms)
				BeforeProcessingInitializeOnLoad (2ms)
				ProcessInitializeOnLoadAttributes (132ms)
				ProcessInitializeOnLoadMethodAttributes (42ms)
				AfterProcessingInitializeOnLoad (0ms)
				EditorAssembliesLoaded (0ms)
			ExecutionOrderSort2 (0ms)
			AwakeInstancesAfterBackupRestoration (0ms)
Platform modules already initialized, skipping
Registering precompiled user dll's ...
Registered in 0.010330 seconds.
Begin MonoManager ReloadAssembly
Native extension for WindowsStandalone target not found
Native extension for WebGL target not found
Refreshing native plugins compatible for Editor in 0.84 ms, found 3 plugins.
Preloading 0 native plugins for Editor in 0.00 ms.
Mono: successfully reloaded assembly
- Completed reload, in  1.409 seconds
Domain Reload Profiling:
	ReloadAssembly (1410ms)
		BeginReloadAssembly (236ms)
			ExecutionOrderSort (0ms)
			DisableScriptedObjects (5ms)
			BackupInstance (0ms)
			ReleaseScriptingObjects (0ms)
			CreateAndSetChildDomain (28ms)
		EndReloadAssembly (1107ms)
			LoadAssemblies (167ms)
			RebuildTransferFunctionScriptingTraits (0ms)
			SetupTypeCache (419ms)
			ReleaseScriptCaches (1ms)
			RebuildScriptCaches (61ms)
			SetupLoadedEditorAssemblies (387ms)
				LogAssemblyErrors (0ms)
				InitializePlatformSupportModulesInManaged (7ms)
				SetLoadedEditorAssemblies (1ms)
				RefreshPlugins (1ms)
				BeforeProcessingInitializeOnLoad (82ms)
				ProcessInitializeOnLoadAttributes (286ms)
				ProcessInitializeOnLoadMethodAttributes (5ms)
				AfterProcessingInitializeOnLoad (4ms)
				EditorAssembliesLoaded (0ms)
			ExecutionOrderSort2 (0ms)
			AwakeInstancesAfterBackupRestoration (8ms)
Platform modules already initialized, skipping
========================================================================
Worker process is ready to serve import requests
Launched and connected shader compiler UnityShaderCompiler.exe after 0.11 seconds
Refreshing native plugins compatible for Editor in 0.84 ms, found 3 plugins.
Preloading 0 native plugins for Editor in 0.00 ms.
Unloading 3070 Unused Serialized files (Serialized files now loaded: 0)
System memory in use before: 115.4 MB.
System memory in use after: 115.5 MB.

Unloading 23 unused Assets to reduce memory usage. Loaded Objects now: 3516.
Total: 4.241500 ms (FindLiveObjects: 0.598300 ms CreateObjectMapping: 0.270600 ms MarkObjects: 3.237900 ms  DeleteObjects: 0.131800 ms)

AssetImportParameters requested are different than current active one (requested -> active):
  custom:framework-win-MediaFoundation: 216162199b28c13a410421893ffa2e32 -> 
  custom:video-decoder-ogg-theora: a1e56fd34408186e4bbccfd4996cb3dc -> 
  custom:container-muxer-webm: aa71ff27fc2769a1b78a27578f13a17b -> 
  custom:container-demuxer-webm: 4f35f7cbe854078d1ac9338744f61a02 -> 
  custom:container-demuxer-ogg: 62fdf1f143b41e24485cea50d1cbac27 -> 
  custom:video-encoder-webm-vp8: eb34c28f22e8b96e1ab97ce403110664 -> 
  custom:video-decoder-webm-vp8: 9c59270c3fd7afecdb556c50c9e8de78 -> 
  custom:audio-decoder-ogg-vorbis: bf7c407c2cedff20999df2af8eb42d56 -> 
  custom:audio-encoder-webm-vorbis: bf7c407c2cedff20999df2af8eb42d56 -> 
========================================================================
Received Import Request.
  path: Assets/StreamingAssets/Ghosty (2).mp3
  artifactKey: Guid(7da3ea89adc17444ab00b46f720f8d98) Importer(815301076,1909f56bfc062723c751e8b465ee728b)
Start importing Assets/StreamingAssets/Ghosty (2).mp3 using Guid(7da3ea89adc17444ab00b46f720f8d98) Importer(815301076,1909f56bfc062723c751e8b465ee728b)  -> (artifact id: '1395810d84a0f7616098385ef18c68c1') in 0.091750 seconds 
========================================================================
Received Import Request.
  Time since last request: 37.303434 seconds.
  path: Assets/StreamingAssets/SkrillStorm(Center-Drums).wav
  artifactKey: Guid(dc243ead2896ad144aa3afc43d04882a) Importer(815301076,1909f56bfc062723c751e8b465ee728b)
Start importing Assets/StreamingAssets/SkrillStorm(Center-Drums).wav using Guid(dc243ead2896ad144aa3afc43d04882a) Importer(815301076,1909f56bfc062723c751e8b465ee728b)  -> (artifact id: 'c7d931b7a2e62e2ce12d18a9c7208790') in 0.008851 seconds 
========================================================================
Received Import Request.
  Time since last request: 7.160782 seconds.
  path: Assets/StreamingAssets/drums.wav
  artifactKey: Guid(dc243ead2896ad144aa3afc43d04882a) Importer(815301076,1909f56bfc062723c751e8b465ee728b)
Start importing Assets/StreamingAssets/drums.wav using Guid(dc243ead2896ad144aa3afc43d04882a) Importer(815301076,1909f56bfc062723c751e8b465ee728b)  -> (artifact id: '3e764faf757ba2fa67a29789dbffaa6d') in 0.007185 seconds 
========================================================================
Received Import Request.
  Time since last request: 0.963266 seconds.
  path: Assets/StreamingAssets/SkrillStorm(Left-Sandstorm).wav
  artifactKey: Guid(a1c48520cadefa041845c0c08840126e) Importer(815301076,1909f56bfc062723c751e8b465ee728b)
Start importing Assets/StreamingAssets/SkrillStorm(Left-Sandstorm).wav using Guid(a1c48520cadefa041845c0c08840126e) Importer(815301076,1909f56bfc062723c751e8b465ee728b)  -> (artifact id: '7b190aa0462173e3ad87492cd8229bcb') in 0.008157 seconds 
========================================================================
Received Import Request.
  Time since last request: 4.448114 seconds.
  path: Assets/StreamingAssets/sandy.wav
  artifactKey: Guid(a1c48520cadefa041845c0c08840126e) Importer(815301076,1909f56bfc062723c751e8b465ee728b)
Start importing Assets/StreamingAssets/sandy.wav using Guid(a1c48520cadefa041845c0c08840126e) Importer(815301076,1909f56bfc062723c751e8b465ee728b)  -> (artifact id: 'edc13cb16ff8d051b73d694124fa8995') in 0.007364 seconds 
========================================================================
Received Import Request.
  Time since last request: 1.155274 seconds.
  path: Assets/StreamingAssets/SkrillStorm(Right-Skrillex).wav
  artifactKey: Guid(a987b4dbbb79cac4dac3982f51b332bc) Importer(815301076,1909f56bfc062723c751e8b465ee728b)
Start importing Assets/StreamingAssets/SkrillStorm(Right-Skrillex).wav using Guid(a987b4dbbb79cac4dac3982f51b332bc) Importer(815301076,1909f56bfc062723c751e8b465ee728b)  -> (artifact id: '55da8ff74e561e11e096359dbf490685') in 0.006669 seconds 
========================================================================
Received Import Request.
  Time since last request: 4.957532 seconds.
  path: Assets/StreamingAssets/skrilly.wav
  artifactKey: Guid(a987b4dbbb79cac4dac3982f51b332bc) Importer(815301076,1909f56bfc062723c751e8b465ee728b)
Start importing Assets/StreamingAssets/skrilly.wav using Guid(a987b4dbbb79cac4dac3982f51b332bc) Importer(815301076,1909f56bfc062723c751e8b465ee728b)  -> (artifact id: '02c0b3cdddb2b79aa79a8c57bcb6a962') in 0.007599 seconds 
========================================================================
Received Import Request.
  Time since last request: 12.816796 seconds.
  path: Assets/Scripts/CrossfaderControl (2).cs
  artifactKey: Guid(d147b0a9678c3ac43aee5f13bbe653c8) Importer(815301076,1909f56bfc062723c751e8b465ee728b)
Start importing Assets/Scripts/CrossfaderControl (2).cs using Guid(d147b0a9678c3ac43aee5f13bbe653c8) Importer(815301076,1909f56bfc062723c751e8b465ee728b)  -> (artifact id: 'f227254eb44b1c97bf58fc88893ae5ec') in 0.013083 seconds 
========================================================================
Received Import Request.
  Time since last request: 3.036622 seconds.
  path: Assets/Scripts/CameraControl (2).cs
  artifactKey: Guid(dafaff3756a50514d8a2c23fb2ad14a3) Importer(815301076,1909f56bfc062723c751e8b465ee728b)
Start importing Assets/Scripts/CameraControl (2).cs using Guid(dafaff3756a50514d8a2c23fb2ad14a3) Importer(815301076,1909f56bfc062723c751e8b465ee728b)  -> (artifact id: '2d90721adcd54f7f1e1032daa17b34d8') in 0.006249 seconds 
========================================================================
Received Prepare
Registering precompiled user dll's ...
Registered in 0.006559 seconds.
Begin MonoManager ReloadAssembly
Native extension for WindowsStandalone target not found
Native extension for WebGL target not found
Refreshing native plugins compatible for Editor in 0.75 ms, found 3 plugins.
Preloading 0 native plugins for Editor in 0.00 ms.
Mono: successfully reloaded assembly
- Completed reload, in  1.259 seconds
Domain Reload Profiling:
	ReloadAssembly (1260ms)
		BeginReloadAssembly (185ms)
			ExecutionOrderSort (0ms)
			DisableScriptedObjects (5ms)
			BackupInstance (0ms)
			ReleaseScriptingObjects (0ms)
			CreateAndSetChildDomain (53ms)
		EndReloadAssembly (1004ms)
			LoadAssemblies (141ms)
			RebuildTransferFunctionScriptingTraits (0ms)
			SetupTypeCache (418ms)
			ReleaseScriptCaches (1ms)
			RebuildScriptCaches (48ms)
			SetupLoadedEditorAssemblies (327ms)
				LogAssemblyErrors (0ms)
				InitializePlatformSupportModulesInManaged (6ms)
				SetLoadedEditorAssemblies (0ms)
				RefreshPlugins (1ms)
				BeforeProcessingInitializeOnLoad (66ms)
				ProcessInitializeOnLoadAttributes (245ms)
				ProcessInitializeOnLoadMethodAttributes (4ms)
				AfterProcessingInitializeOnLoad (4ms)
				EditorAssembliesLoaded (0ms)
			ExecutionOrderSort2 (0ms)
			AwakeInstancesAfterBackupRestoration (8ms)
Platform modules already initialized, skipping
Refreshing native plugins compatible for Editor in 1.17 ms, found 3 plugins.
Preloading 0 native plugins for Editor in 0.00 ms.
Unloading 3033 Unused Serialized files (Serialized files now loaded: 0)
System memory in use before: 112.4 MB.
System memory in use after: 112.6 MB.

Unloading 21 unused Assets to reduce memory usage. Loaded Objects now: 3516.
Total: 2.764700 ms (FindLiveObjects: 0.290200 ms CreateObjectMapping: 0.178900 ms MarkObjects: 2.231600 ms  DeleteObjects: 0.062700 ms)

AssetImportParameters requested are different than current active one (requested -> active):
  custom:framework-win-MediaFoundation: 216162199b28c13a410421893ffa2e32 -> 
  custom:video-decoder-ogg-theora: a1e56fd34408186e4bbccfd4996cb3dc -> 
  custom:container-muxer-webm: aa71ff27fc2769a1b78a27578f13a17b -> 
  custom:container-demuxer-webm: 4f35f7cbe854078d1ac9338744f61a02 -> 
  custom:container-demuxer-ogg: 62fdf1f143b41e24485cea50d1cbac27 -> 
  custom:video-encoder-webm-vp8: eb34c28f22e8b96e1ab97ce403110664 -> 
  custom:video-decoder-webm-vp8: 9c59270c3fd7afecdb556c50c9e8de78 -> 
  custom:audio-decoder-ogg-vorbis: bf7c407c2cedff20999df2af8eb42d56 -> 
  custom:audio-encoder-webm-vorbis: bf7c407c2cedff20999df2af8eb42d56 -> 
========================================================================
Received Import Request.
  Time since last request: 27.955833 seconds.
  path: Assets/Materials/StandardCULLOFF (2).shader
  artifactKey: Guid(a15d7fc09dbc7b240bb79dfec6e88afd) Importer(815301076,1909f56bfc062723c751e8b465ee728b)
Start importing Assets/Materials/StandardCULLOFF (2).shader using Guid(a15d7fc09dbc7b240bb79dfec6e88afd) Importer(815301076,1909f56bfc062723c751e8b465ee728b)  -> (artifact id: 'aecc132a0c9fc3ee935a34641cc21190') in 0.040756 seconds 
========================================================================
Received Import Request.
  Time since last request: 9.135214 seconds.
  path: Assets/Scenes
  artifactKey: Guid(86498d00c6ea41d47a53005b9c184f87) Importer(815301076,1909f56bfc062723c751e8b465ee728b)
Start importing Assets/Scenes using Guid(86498d00c6ea41d47a53005b9c184f87) Importer(815301076,1909f56bfc062723c751e8b465ee728b)  -> (artifact id: 'c13bd0dadd9d79a074da93ce879af882') in 0.007373 seconds 
========================================================================
Received Import Request.
  Time since last request: 0.795501 seconds.
  path: Assets/Scenes/SampleScene_Profiles (2)
  artifactKey: Guid(3d93ec875b799ba4598f18a6b45cd120) Importer(815301076,1909f56bfc062723c751e8b465ee728b)
Start importing Assets/Scenes/SampleScene_Profiles (2) using Guid(3d93ec875b799ba4598f18a6b45cd120) Importer(815301076,1909f56bfc062723c751e8b465ee728b)  -> (artifact id: '86cbd5375e0134d6d2773fcf483580e9') in 0.006288 seconds 
========================================================================
Received Import Request.
  Time since last request: 2.448639 seconds.
  path: Assets/Scenes/SampleScene.unity
  artifactKey: Guid(9fc0d4010bbf28b4594072e72b8655ab) Importer(815301076,1909f56bfc062723c751e8b465ee728b)
Start importing Assets/Scenes/SampleScene.unity using Guid(9fc0d4010bbf28b4594072e72b8655ab) Importer(815301076,1909f56bfc062723c751e8b465ee728b)  -> (artifact id: 'ef998608695ab498628e3b2c5d0314f3') in 0.007307 seconds 
========================================================================
Received Import Request.
  Time since last request: 1.154068 seconds.
  path: Assets/Scenes/SampleScene (2).unity
  artifactKey: Guid(d87163a1af6ebcd459b589a01e63469a) Importer(815301076,1909f56bfc062723c751e8b465ee728b)
Start importing Assets/Scenes/SampleScene (2).unity using Guid(d87163a1af6ebcd459b589a01e63469a) Importer(815301076,1909f56bfc062723c751e8b465ee728b)  -> (artifact id: '772209761e7f69d07a89456c124bc09c') in 0.006416 seconds 
========================================================================
Received Import Request.
  Time since last request: 2.092647 seconds.
  path: Assets/Scenes/SampleScene_Profiles
  artifactKey: Guid(819ff39029be58741b78f47f759adc5e) Importer(815301076,1909f56bfc062723c751e8b465ee728b)
Start importing Assets/Scenes/SampleScene_Profiles using Guid(819ff39029be58741b78f47f759adc5e) Importer(815301076,1909f56bfc062723c751e8b465ee728b)  -> (artifact id: 'd38e71a9aa2408a06afc63c3468bf02e') in 0.007289 seconds 
========================================================================
Received Import Request.
  Time since last request: 0.067827 seconds.
  path: Assets/Scenes/SampleScene_Profiles/Post-process Volume Profile (2).asset
  artifactKey: Guid(51fd0b9a9c7e77f4b9cf53f564d40c69) Importer(815301076,1909f56bfc062723c751e8b465ee728b)
Start importing Assets/Scenes/SampleScene_Profiles/Post-process Volume Profile (2).asset using Guid(51fd0b9a9c7e77f4b9cf53f564d40c69) Importer(815301076,1909f56bfc062723c751e8b465ee728b)  -> (artifact id: 'd039e6012aecb14f32baf356572caa1a') in 0.017387 seconds 
========================================================================
Received Import Request.
  Time since last request: 0.000215 seconds.
  path: Assets/Scenes/SampleScene_Profiles/Post-process Volume Profile.asset
  artifactKey: Guid(9887fa42e7708a54790fb2ea16aee708) Importer(815301076,1909f56bfc062723c751e8b465ee728b)
Start importing Assets/Scenes/SampleScene_Profiles/Post-process Volume Profile.asset using Guid(9887fa42e7708a54790fb2ea16aee708) Importer(815301076,1909f56bfc062723c751e8b465ee728b)  -> (artifact id: 'fc1def11b0e6ca1ea1c860021b27bf37') in 0.007120 seconds 
AssetImportWorkerClient::OnTransportError - code=2 error=End of file
